0 info it worked if it ends with ok
1 verbose cli [ 'D:\\Program Files\\nodejs\\\\node.exe',
1 verbose cli   'D:\\Program Files\\nodejs\\node_modules\\npm\\bin\\npm-cli.js',
1 verbose cli   'i' ]
2 info using npm@1.3.2
3 info using node@v0.10.13
4 verbose node symlink D:\Program Files\nodejs\\node.exe
5 error install Couldn't read dependencies
6 error Error: ENOENT, open 'D:\git\package.json'
7 error If you need help, you may report this log at:
7 error     <http://github.com/isaacs/npm/issues>
7 error or email it to:
7 error     <npm-@googlegroups.com>
8 error System Windows_NT 6.1.7601
9 error command "D:\\Program Files\\nodejs\\\\node.exe" "D:\\Program Files\\nodejs\\node_modules\\npm\\bin\\npm-cli.js" "i"
10 error cwd D:\git\rangeslider-videojs
11 error node -v v0.10.13
12 error npm -v 1.3.2
13 error path D:\git\package.json
14 error code ENOENT
15 error errno 34
16 verbose exit [ 34, true ]
